<?xml version="1.0" encoding="UTF-8"?>
<robot generator="Robot 7.3 (Python 3.13.3 on win32)" generated="2025-07-02T12:45:14.281298" rpa="false" schemaversion="5">
<suite id="s1" name="Test" source="C:\Users\atul.singh\PycharmProjects\My_robotic_work\Automation2\test.robot">
<test id="s1-t1" name="AmazonWebsite" line="9">
<kw name="Open Browser" owner="SeleniumLibrary">
<msg time="2025-07-02T12:45:14.822522" level="INFO">Opening browser 'Chrome' to base url 'https://www.amazon.com/'.</msg>
<arg>https://www.amazon.com/</arg>
<arg>Chrome</arg>
<doc>Opens a new browser instance to the optional ``url``.</doc>
<status status="PASS" start="2025-07-02T12:45:14.822316" elapsed="4.046943"/>
</kw>
<kw name="Sleep" owner="BuiltIn">
<msg time="2025-07-02T12:45:23.872144" level="INFO">Slept 5 seconds.</msg>
<arg>5</arg>
<doc>Pauses the test executed for the given time.</doc>
<status status="PASS" start="2025-07-02T12:45:18.870668" elapsed="5.001744"/>
</kw>
<kw name="Close Browser" owner="SeleniumLibrary">
<doc>Closes the current browser.</doc>
<status status="PASS" start="2025-07-02T12:45:23.873264" elapsed="2.179847"/>
</kw>
<status status="PASS" start="2025-07-02T12:45:14.821402" elapsed="11.232140"/>
</test>
<status status="PASS" start="2025-07-02T12:45:14.283242" elapsed="11.771330"/>
</suite>
<statistics>
<total>
<stat pass="1" fail="0" skip="0">All Tests</stat>
</total>
<tag>
</tag>
<suite>
<stat name="Test" id="s1" pass="1" fail="0" skip="0">Test</stat>
</suite>
</statistics>
<errors>
</errors>
</robot>
